SF:lib/app/data/datasources/local/local_storage/local_photo_datasource.dart
DA:17,1
DA:20,3
DA:24,4
DA:26,1
DA:27,3
DA:32,1
DA:34,2
DA:35,6
DA:36,1
LF:9
LH:9
end_of_record
SF:lib/app/data/datasources/local/local_storage/model/photo.dart
DA:12,6
DA:24,1
DA:25,1
DA:26,2
DA:27,1
DA:28,1
DA:29,1
DA:30,1
DA:31,1
DA:32,1
DA:33,1
DA:37,1
DA:47,1
DA:48,1
DA:49,1
DA:50,0
DA:51,1
DA:52,1
DA:53,1
DA:54,1
DA:55,1
LF:21
LH:20
end_of_record
SF:lib/app/presentation/pages/splash/bloc/splash_bloc.dart
DA:12,3
DA:13,2
DA:16,1
DA:19,2
DA:22,2
DA:25,2
LF:6
LH:6
end_of_record
SF:lib/app/core/utils/permission_manager.dart
DA:79,0
DA:81,0
DA:82,0
DA:86,0
DA:88,0
DA:89,0
DA:93,0
DA:95,0
DA:96,0
DA:97,0
DA:98,0
DA:104,0
DA:106,0
DA:108,0
DA:113,0
DA:115,0
DA:117,0
DA:120,0
DA:124,0
DA:126,0
DA:128,0
DA:130,0
DA:132,0
DA:134,0
DA:136,0
DA:141,0
DA:143,0
DA:144,0
DA:145,0
DA:151,0
DA:154,0
DA:155,0
DA:156,0
DA:159,0
DA:160,0
DA:162,0
DA:163,0
DA:164,0
DA:165,0
DA:168,0
DA:170,0
DA:171,0
DA:176,0
DA:179,0
DA:181,0
DA:182,0
DA:183,0
DA:184,0
DA:187,0
DA:192,0
DA:193,0
DA:199,0
DA:200,0
DA:201,0
DA:202,0
LF:55
LH:0
end_of_record
SF:lib/app/presentation/pages/splash/bloc/splash_state.dart
DA:2,1
DA:6,1
DA:10,0
DA:14,1
DA:19,0
LF:5
LH:3
end_of_record
SF:lib/app/domain/result.dart
DA:21,3
DA:30,3
DA:35,9
DA:36,12
DA:41,0
DA:43,0
DA:44,0
DA:51,3
DA:56,0
DA:57,0
DA:59,0
DA:61,0
DA:63,0
DA:64,0
DA:69,3
DA:77,0
DA:78,0
DA:80,0
DA:83,0
DA:85,0
DA:86,0
LF:21
LH:6
end_of_record
SF:lib/app/domain/usecase/fetch_gallery_photos.dart
DA:11,1
DA:16,1
DA:19,2
DA:20,1
DA:21,2
DA:23,2
DA:24,1
DA:26,3
LF:8
LH:8
end_of_record
SF:lib/app/core/extensions/extensions.dart
DA:4,0
DA:5,0
LF:2
LH:0
end_of_record
SF:lib/app/core/utils/logger.dart
DA:5,6
DA:8,0
DA:9,0
DA:12,2
DA:13,4
DA:14,2
DA:30,1
DA:31,4
DA:34,1
DA:35,4
DA:38,0
DA:39,0
DA:42,0
DA:43,0
DA:46,0
DA:47,0
DA:50,0
DA:51,0
LF:18
LH:8
end_of_record
SF:lib/app/core/widgets/gallery_app_bar.dart
DA:6,0
DA:7,0
DA:9,0
DA:14,0
DA:15,0
DA:16,0
DA:18,0
LF:7
LH:0
end_of_record
SF:lib/app/core/widgets/photo_tile.dart
DA:14,1
DA:21,1
DA:23,1
DA:24,1
DA:25,1
DA:26,1
DA:27,1
DA:28,1
DA:31,5
DA:32,5
DA:34,5
DA:35,3
DA:38,2
DA:40,1
DA:41,3
DA:43,1
DA:44,3
DA:47,1
DA:55,0
DA:61,1
DA:62,1
DA:63,1
DA:68,1
DA:70,1
DA:72,2
DA:73,2
LF:26
LH:25
end_of_record
SF:lib/app/core/widgets/primary_button.dart
DA:7,0
DA:13,0
DA:15,0
DA:16,0
DA:17,0
LF:5
LH:0
end_of_record
SF:lib/app/core/widgets/secondary_button.dart
DA:7,0
DA:13,0
DA:15,0
DA:16,0
DA:17,0
LF:5
LH:0
end_of_record
SF:lib/app/data/repository/gallery_repository_impl.dart
DA:9,1
DA:11,1
DA:13,2
DA:14,1
DA:17,1
DA:19,2
LF:6
LH:6
end_of_record
SF:lib/app/di/injection.dart
DA:14,0
DA:17,0
DA:18,0
DA:19,0
DA:20,0
DA:21,0
DA:22,0
DA:26,0
DA:27,0
DA:31,0
DA:32,0
DA:36,0
DA:37,0
DA:41,0
DA:42,0
DA:43,0
DA:47,0
DA:48,0
DA:49,0
DA:50,0
DA:51,0
LF:21
LH:0
end_of_record
SF:lib/app/presentation/pages/gallery/bloc/gallary_bloc.dart
DA:12,3
DA:14,2
DA:16,3
DA:19,2
DA:21,2
DA:22,3
DA:26,1
DA:27,3
DA:29,1
DA:35,1
DA:36,0
DA:38,0
DA:46,0
DA:47,0
DA:49,0
DA:54,0
DA:61,0
DA:62,0
DA:65,0
DA:66,0
DA:68,0
DA:70,0
DA:71,0
DA:74,0
DA:75,0
DA:77,0
DA:82,0
LF:27
LH:10
end_of_record
SF:lib/app/presentation/pages/gallery/bloc/selection_cubit/selection_cubit.dart
DA:5,3
DA:7,1
DA:8,2
DA:9,6
DA:11,4
LF:5
LH:5
end_of_record
SF:lib/app/presentation/pages/permission/bloc/permission_bloc.dart
DA:10,3
DA:11,2
DA:12,2
DA:15,3
DA:17,2
DA:19,2
DA:22,2
LF:7
LH:7
end_of_record
SF:lib/app/domain/usecase/save_gallery_photos.dart
DA:12,1
DA:14,1
DA:17,2
DA:18,1
DA:19,2
DA:21,2
DA:22,1
DA:24,3
LF:8
LH:8
end_of_record
SF:lib/app/presentation/pages/gallery/bloc/gallary_event.dart
DA:2,1
DA:7,1
DA:12,0
LF:3
LH:2
end_of_record
SF:lib/app/presentation/pages/gallery/bloc/gallary_state.dart
DA:13,1
DA:21,1
DA:28,1
DA:29,1
DA:30,1
DA:31,1
DA:32,1
DA:33,1
LF:8
LH:8
end_of_record
SF:lib/app/presentation/pages/gallery/gallery.dart
DA:18,7
DA:21,0
DA:23,0
DA:24,0
DA:25,0
DA:26,0
DA:35,7
DA:37,0
DA:38,0
DA:40,0
DA:43,0
DA:44,0
DA:45,0
DA:48,0
DA:49,0
DA:57,0
DA:59,0
DA:61,0
DA:66,0
DA:67,0
DA:69,0
DA:72,0
DA:73,0
DA:74,0
DA:76,0
DA:77,0
DA:78,0
DA:79,0
DA:80,0
DA:81,0
DA:85,0
DA:86,0
DA:87,0
DA:88,0
DA:91,0
DA:98,0
DA:99,0
DA:100,0
DA:105,0
DA:106,0
DA:107,0
DA:108,0
DA:109,0
DA:110,0
DA:111,0
DA:113,0
DA:114,0
DA:122,0
DA:123,0
DA:124,0
DA:125,0
DA:126,0
DA:130,0
DA:137,0
DA:138,0
DA:139,0
DA:140,0
DA:141,0
DA:142,0
DA:143,0
DA:145,0
DA:146,0
LF:62
LH:2
end_of_record
SF:lib/app/presentation/pages/permission/bloc/permission_event.dart
DA:6,1
LF:1
LH:1
end_of_record
SF:lib/app/presentation/pages/permission/bloc/permission_state.dart
DA:2,1
DA:7,1
DA:11,1
DA:15,1
DA:20,0
LF:5
LH:4
end_of_record
SF:lib/app/presentation/pages/permission/permission.dart
DA:18,7
DA:20,0
DA:21,0
DA:27,0
DA:29,0
DA:30,0
DA:34,0
DA:37,0
DA:38,0
DA:39,0
DA:40,0
DA:41,0
DA:42,0
DA:46,0
DA:47,0
DA:48,0
DA:50,0
DA:51,0
DA:52,0
DA:53,0
DA:55,0
DA:57,0
DA:58,0
DA:60,0
DA:63,0
DA:64,0
DA:67,0
DA:68,0
DA:69,0
DA:71,0
DA:73,0
DA:85,0
DA:86,0
LF:33
LH:1
end_of_record
SF:lib/app/routes/router.dart
DA:9,0
DA:10,0
DA:11,0
DA:12,0
DA:13,0
DA:14,0
DA:15,0
DA:19,0
DA:20,0
DA:21,0
DA:22,0
DA:26,0
DA:27,0
DA:28,0
DA:29,0
LF:15
LH:0
end_of_record
SF:lib/app/routes/routes.dart
DA:5,0
DA:10,0
DA:15,0
LF:3
LH:0
end_of_record
SF:lib/app/presentation/pages/splash/splash.dart
DA:14,7
DA:16,0
DA:17,0
DA:23,0
DA:25,0
DA:26,0
DA:27,0
DA:28,0
DA:29,0
DA:30,0
DA:32,0
DA:36,0
DA:37,0
DA:38,0
DA:44,0
DA:45,0
DA:48,0
DA:49,0
LF:18
LH:1
end_of_record
SF:lib/app/routes/app_route.dart
DA:12,0
LF:1
LH:0
end_of_record
